INFO main org.apache.camel.impl.DefaultCamelContext - Apache Camel 2.10.0 (CamelContext: camel-1) is starting
INFO main org.apache.camel.management.ManagementStrategyFactory - JMX enabled.
INFO main org.apache.camel.management.DefaultManagementLifecycleStrategy - StatisticsLevel at All so enabling load performance statistics
INFO main org.apache.camel.impl.converter.DefaultTypeConverter - Loaded 170 type converters
INFO main org.apache.camel.component.file.FileEndpoint - Endpoint is configured with noop=true so forcing endpoint to be idempotent as well
INFO main org.apache.camel.component.file.FileEndpoint - Using default memory based idempotent repository with cache max size: 1000
INFO main org.apache.camel.impl.DefaultCamelContext - Route: route1 started and consuming from: Endpoint[file:///Users/az/camel-test/inbox?noop=true]
INFO main org.apache.camel.impl.DefaultCamelContext - Total 1 routes, of which 1 is started.
INFO main org.apache.camel.impl.DefaultCamelContext - Apache Camel 2.10.0 (CamelContext: camel-1) started in 0.807 seconds
INFO main org.apache.camel.impl.DefaultCamelContext - Apache Camel 2.10.0 (CamelContext: camel-1) is shutting down
INFO main org.apache.camel.impl.DefaultShutdownStrategy - Starting to graceful shutdown 1 routes (timeout 300 seconds)
INFO Camel (camel-1) thread #2 - ShutdownTask org.apache.camel.impl.DefaultShutdownStrategy - Route: route1 shutdown complete, was consuming from: Endpoint[file:///Users/az/camel-test/inbox?noop=true]
INFO main org.apache.camel.impl.DefaultShutdownStrategy - Graceful shutdown of 1 routes completed in 0 seconds
INFO main org.apache.camel.impl.converter.DefaultTypeConverter - TypeConverterRegistry utilization[attempts=1, hits=1, misses=0, failures=0] mappings[total=171, misses=0]
INFO main org.apache.camel.impl.DefaultCamelContext - Apache Camel 2.10.0 (CamelContext: camel-1) is shutdown in 0.014 seconds. Uptime 10.830 seconds.
INFO main org.apache.camel.impl.DefaultCamelContext - Apache Camel 2.10.0 (CamelContext: camel-1) is starting
INFO main org.apache.camel.management.ManagementStrategyFactory - JMX enabled.
INFO main org.apache.camel.management.DefaultManagementLifecycleStrategy - StatisticsLevel at All so enabling load performance statistics
INFO main org.apache.camel.impl.converter.DefaultTypeConverter - Loaded 170 type converters
INFO main org.apache.camel.component.file.FileEndpoint - Endpoint is configured with noop=true so forcing endpoint to be idempotent as well
INFO main org.apache.camel.component.file.FileEndpoint - Using default memory based idempotent repository with cache max size: 1000
INFO main org.apache.camel.impl.DefaultCamelContext - Route: route1 started and consuming from: Endpoint[file:///Users/az/camel-test/inbox?noop=true]
INFO main org.apache.camel.impl.DefaultCamelContext - Total 1 routes, of which 1 is started.
INFO main org.apache.camel.impl.DefaultCamelContext - Apache Camel 2.10.0 (CamelContext: camel-1) started in 0.787 seconds
INFO main org.apache.camel.impl.DefaultCamelContext - Apache Camel 2.10.0 (CamelContext: camel-1) is shutting down
INFO main org.apache.camel.impl.DefaultShutdownStrategy - Starting to graceful shutdown 1 routes (timeout 300 seconds)
INFO Camel (camel-1) thread #2 - ShutdownTask org.apache.camel.impl.DefaultShutdownStrategy - Route: route1 shutdown complete, was consuming from: Endpoint[file:///Users/az/camel-test/inbox?noop=true]
INFO main org.apache.camel.impl.DefaultShutdownStrategy - Graceful shutdown of 1 routes completed in 0 seconds
INFO main org.apache.camel.impl.converter.DefaultTypeConverter - TypeConverterRegistry utilization[attempts=1, hits=1, misses=0, failures=0] mappings[total=171, misses=0]
INFO main org.apache.camel.impl.DefaultCamelContext - Apache Camel 2.10.0 (CamelContext: camel-1) is shutdown in 0.013 seconds. Uptime 10.810 seconds.
INFO main org.apache.camel.impl.DefaultCamelContext - Apache Camel 2.10.0 (CamelContext: camel-1) is starting
INFO main org.apache.camel.management.ManagementStrategyFactory - JMX enabled.
INFO main org.apache.camel.management.DefaultManagementLifecycleStrategy - StatisticsLevel at All so enabling load performance statistics
INFO main org.apache.camel.impl.converter.DefaultTypeConverter - Loaded 170 type converters
INFO main org.apache.camel.component.file.FileEndpoint - Endpoint is configured with noop=true so forcing endpoint to be idempotent as well
INFO main org.apache.camel.component.file.FileEndpoint - Using default memory based idempotent repository with cache max size: 1000
INFO main org.apache.camel.impl.DefaultCamelContext - Route: route1 started and consuming from: Endpoint[file:///Users/az/camel-test/inbox?noop=true]
INFO main org.apache.camel.impl.DefaultCamelContext - Total 1 routes, of which 1 is started.
INFO main org.apache.camel.impl.DefaultCamelContext - Apache Camel 2.10.0 (CamelContext: camel-1) started in 0.745 seconds
INFO main org.apache.camel.impl.DefaultCamelContext - Apache Camel 2.10.0 (CamelContext: camel-1) is shutting down
INFO main org.apache.camel.impl.DefaultShutdownStrategy - Starting to graceful shutdown 1 routes (timeout 300 seconds)
INFO Camel (camel-1) thread #2 - ShutdownTask org.apache.camel.impl.DefaultShutdownStrategy - Route: route1 shutdown complete, was consuming from: Endpoint[file:///Users/az/camel-test/inbox?noop=true]
INFO main org.apache.camel.impl.DefaultShutdownStrategy - Graceful shutdown of 1 routes completed in 0 seconds
INFO main org.apache.camel.impl.converter.DefaultTypeConverter - TypeConverterRegistry utilization[attempts=1, hits=1, misses=0, failures=0] mappings[total=171, misses=0]
INFO main org.apache.camel.impl.DefaultCamelContext - Apache Camel 2.10.0 (CamelContext: camel-1) is shutdown in 0.014 seconds. Uptime 10.767 seconds.
DEBUG main org.apache.camel.impl.DefaultCamelContext - Adding routes from builder: Routes: []
INFO main org.apache.camel.impl.DefaultCamelContext - Apache Camel 2.10.0 (CamelContext: camel-1) is starting
DEBUG main org.apache.camel.management.DefaultManagementAgent - Starting JMX agent on server: com.sun.jmx.mbeanserver.JmxMBeanServer@bd86fd3
INFO main org.apache.camel.management.ManagementStrategyFactory - JMX enabled.
INFO main org.apache.camel.management.DefaultManagementLifecycleStrategy - StatisticsLevel at All so enabling load performance statistics
DEBUG main org.apache.camel.impl.DefaultExecutorServiceManager - Created new ScheduledThreadPool for source: org.apache.camel.management.DefaultManagementLifecycleStrategy@979dce4 with name: ManagementLoadTask. -> org.apache.camel.util.concurrent.RejectableScheduledThreadPoolExecutor@1f950198
DEBUG main org.apache.camel.support.TimerListenerManager - Started scheduled TimerListener task to run with interval 1000 ms
DEBUG main org.apache.camel.management.DefaultManagementAgent - Registered MBean with ObjectName: org.apache.camel:context=azs-MacBook-Pro.local/camel-1,type=context,name="camel-1"
DEBUG main org.apache.camel.support.TimerListenerManager - Added TimerListener: org.apache.camel.management.mbean.ManagedCamelContext@527736bd
DEBUG main org.apache.camel.management.DefaultManagementAgent - Registered MBean with ObjectName: org.apache.camel:context=azs-MacBook-Pro.local/camel-1,type=services,name=DefaultTypeConverter(0x6659fb21)
DEBUG main org.apache.camel.impl.converter.AnnotationTypeConverterLoader - Found 3 packages with 15 @Converter classes to load
DEBUG main org.apache.camel.impl.converter.AnnotationTypeConverterLoader - Loading file META-INF/services/org/apache/camel/TypeConverter to retrieve list of packages, from url: jar:file:/Users/az/.m2/repository/org/apache/camel/camel-core/2.10.0/camel-core-2.10.0.jar!/META-INF/services/org/apache/camel/TypeConverter
DEBUG main org.apache.camel.impl.converter.AnnotationTypeConverterLoader - No additional package names found in classpath for annotated type converters.
INFO main org.apache.camel.impl.converter.DefaultTypeConverter - Loaded 170 type converters
DEBUG main org.apache.camel.management.DefaultManagementAgent - Registered MBean with ObjectName: org.apache.camel:context=azs-MacBook-Pro.local/camel-1,type=services,name=EndpointRegistry(0x7b7a4989)
DEBUG main org.apache.camel.management.DefaultManagementAgent - Registered MBean with ObjectName: org.apache.camel:context=azs-MacBook-Pro.local/camel-1,type=services,name=DefaultExecutorServiceManager(0x26659db7)
DEBUG main org.apache.camel.management.DefaultManagementAgent - Registered MBean with ObjectName: org.apache.camel:context=azs-MacBook-Pro.local/camel-1,type=services,name=SharedProducerServicePool(0x3a289d2e)
DEBUG main org.apache.camel.impl.SharedProducerServicePool - Starting service pool: org.apache.camel.impl.SharedProducerServicePool@3a289d2e
DEBUG main org.apache.camel.management.DefaultManagementAgent - Registered MBean with ObjectName: org.apache.camel:context=azs-MacBook-Pro.local/camel-1,type=services,name=DefaultInflightRepository(0x7dc5ddc9)
DEBUG main org.apache.camel.management.DefaultManagementAgent - Registered MBean with ObjectName: org.apache.camel:context=azs-MacBook-Pro.local/camel-1,type=services,name=DefaultShutdownStrategy(0x6a8046f4)
DEBUG main org.apache.camel.management.DefaultManagementAgent - Registered MBean with ObjectName: org.apache.camel:context=azs-MacBook-Pro.local/camel-1,type=services,name=DefaultPackageScanClassResolver(0x68de462)
DEBUG main org.apache.camel.management.DefaultManagementAgent - Registered MBean with ObjectName: org.apache.camel:context=azs-MacBook-Pro.local/camel-1,type=threadpools,name="DefaultCamelContext(0x7114460)"
DEBUG main org.apache.camel.impl.DefaultExecutorServiceManager - Created new ScheduledThreadPool for source: CamelContext(camel-1) with name: ErrorHandlerRedeliveryTask. -> org.apache.camel.util.concurrent.RejectableScheduledThreadPoolExecutor@7e9ffe3f
DEBUG main org.apache.camel.impl.DefaultComponentResolver - Found component: file in registry: null
DEBUG main org.apache.camel.impl.DefaultComponentResolver - Found component: file via type: org.apache.camel.component.file.FileComponent via: META-INF/services/org/apache/camel/component/file
DEBUG main org.apache.camel.management.DefaultManagementAgent - Registered MBean with ObjectName: org.apache.camel:context=azs-MacBook-Pro.local/camel-1,type=components,name="file"
DEBUG main org.apache.camel.impl.DefaultComponent - Creating endpoint uri=[file:///Users/az/camel-test/inbox?noop=true], path=[/Users/az/camel-test/inbox], parameters=[{noop=true}]
DEBUG main org.apache.camel.impl.DefaultCamelContext - file:///Users/az/camel-test/inbox?noop=true converted to endpoint: Endpoint[file:///Users/az/camel-test/inbox?noop=true] by component: org.apache.camel.component.file.FileComponent@29f01a29
DEBUG main org.apache.camel.management.DefaultManagementAgent - Registered MBean with ObjectName: org.apache.camel:context=azs-MacBook-Pro.local/camel-1,type=endpoints,name="file:///Users/az/camel-test/inbox\?noop=true"
DEBUG main org.apache.camel.impl.DefaultComponent - Creating endpoint uri=[file:///Users/az/camel-test/outbox], path=[/Users/az/camel-test/outbox], parameters=[{}]
DEBUG main org.apache.camel.impl.DefaultCamelContext - file:///Users/az/camel-test/outbox converted to endpoint: Endpoint[file:///Users/az/camel-test/outbox] by component: org.apache.camel.component.file.FileComponent@29f01a29
DEBUG main org.apache.camel.management.DefaultManagementAgent - Registered MBean with ObjectName: org.apache.camel:context=azs-MacBook-Pro.local/camel-1,type=endpoints,name="file:///Users/az/camel-test/outbox"
DEBUG main org.apache.camel.processor.interceptor.DefaultChannel - Initialize channel for target: 'To[file:/Users/az/camel-test/outbox]'
DEBUG main org.apache.camel.management.DefaultManagementAgent - Registered MBean with ObjectName: org.apache.camel:context=azs-MacBook-Pro.local/camel-1,type=tracer,name=Tracer(0xed0220c)
DEBUG main org.apache.camel.management.DefaultManagementAgent - Registered MBean with ObjectName: org.apache.camel:context=azs-MacBook-Pro.local/camel-1,type=errorhandlers,name="DefaultErrorHandlerBuilder(ref:CamelDefaultErrorHandlerBuilder)"
DEBUG main org.apache.camel.impl.DefaultCamelContext - Warming up route id: route1 having autoStartup=true
DEBUG main org.apache.camel.impl.RouteService - Starting services on route: route1
INFO main org.apache.camel.component.file.FileEndpoint - Endpoint is configured with noop=true so forcing endpoint to be idempotent as well
INFO main org.apache.camel.component.file.FileEndpoint - Using default memory based idempotent repository with cache max size: 1000
DEBUG main org.apache.camel.impl.RouteService - Starting child service on route: route1 -> Instrumentation:route[DelegateAsync[UnitOfWork(Channel[sendTo(Endpoint[file:///Users/az/camel-test/outbox])])]]
DEBUG main org.apache.camel.component.file.GenericFileProducer - Starting producer: Producer[file:///Users/az/camel-test/outbox]
DEBUG main org.apache.camel.impl.ProducerCache - Adding to producer cache with key: Endpoint[file:///Users/az/camel-test/outbox] for producer: Producer[file:///Users/az/camel-test/outbox]
DEBUG main org.apache.camel.processor.DefaultErrorHandler - Redelivery enabled: false on error handler: DefaultErrorHandler[TraceInterceptor[To[file:/Users/az/camel-test/outbox]]]
DEBUG main org.apache.camel.impl.RouteService - Starting child service on route: route1 -> DelegateAsync[UnitOfWork(RouteContextProcessor[Channel[sendTo(Endpoint[file:///Users/az/camel-test/outbox])]])]
DEBUG main org.apache.camel.impl.RouteService - Starting child service on route: route1 -> UnitOfWork(RouteContextProcessor[Channel[sendTo(Endpoint[file:///Users/az/camel-test/outbox])]])
DEBUG main org.apache.camel.impl.RouteService - Starting child service on route: route1 -> Channel[sendTo(Endpoint[file:///Users/az/camel-test/outbox])]
DEBUG main org.apache.camel.impl.RouteService - Starting child service on route: route1 -> sendTo(Endpoint[file:///Users/az/camel-test/outbox])
DEBUG main org.apache.camel.management.DefaultManagementAgent - Registered MBean with ObjectName: org.apache.camel:context=azs-MacBook-Pro.local/camel-1,type=processors,name="to1"
DEBUG main org.apache.camel.management.DefaultManagementAgent - Registered MBean with ObjectName: org.apache.camel:context=azs-MacBook-Pro.local/camel-1,type=routes,name="route1"
DEBUG main org.apache.camel.support.TimerListenerManager - Added TimerListener: org.apache.camel.management.mbean.ManagedSuspendableRoute@3c1a1399
DEBUG main org.apache.camel.impl.DefaultCamelContext - Route: route1 >>> EventDrivenConsumerRoute[Endpoint[file:///Users/az/camel-test/inbox?noop=true] -> Instrumentation:route[DelegateAsync[UnitOfWork(RouteContextProcessor[Channel[sendTo(Endpoint[file:///Users/az/camel-test/outbox])]])]]]
DEBUG main org.apache.camel.impl.DefaultCamelContext - Starting consumer (order: 1000) on route: route1
DEBUG main org.apache.camel.management.DefaultManagementAgent - Registered MBean with ObjectName: org.apache.camel:context=azs-MacBook-Pro.local/camel-1,type=consumers,name=FileConsumer(0x72608760)
DEBUG main org.apache.camel.component.file.FileConsumer - Starting consumer: Consumer[file:///Users/az/camel-test/inbox?noop=true]
DEBUG main org.apache.camel.management.DefaultManagementAgent - Registered MBean with ObjectName: org.apache.camel:context=azs-MacBook-Pro.local/camel-1,type=threadpools,name="FileConsumer(0x72608760)"
DEBUG main org.apache.camel.impl.DefaultExecutorServiceManager - Created new ScheduledThreadPool for source: Consumer[file:///Users/az/camel-test/inbox?noop=true] with name: file:///Users/az/camel-test/inbox?noop=true. -> org.apache.camel.util.concurrent.RejectableScheduledThreadPoolExecutor@794e113b
DEBUG main org.apache.camel.impl.ScheduledPollConsumer - Scheduling poll (fixed delay) with initialDelay: 1000, delay: 500 (milliseconds) for: Endpoint[file:///Users/az/camel-test/inbox?noop=true]
DEBUG main org.apache.camel.component.file.FileEndpoint - Parameters for Generic file process strategy {readLock=markerFile, noop=true, readLockTimeout=10000, readLockCheckInterval=1000}
DEBUG main org.apache.camel.component.file.FileEndpoint - Using Generic file process strategy: org.apache.camel.component.file.strategy.GenericFileRenameProcessStrategy@14004204
DEBUG main org.apache.camel.component.file.strategy.MarkerFileExclusiveReadLockStrategy - Prepare on startup by deleting orphaned lock files from: /Users/az/camel-test/inbox
INFO main org.apache.camel.impl.DefaultCamelContext - Route: route1 started and consuming from: Endpoint[file:///Users/az/camel-test/inbox?noop=true]
INFO main org.apache.camel.impl.DefaultCamelContext - Total 1 routes, of which 1 is started.
INFO main org.apache.camel.impl.DefaultCamelContext - Apache Camel 2.10.0 (CamelContext: camel-1) started in 1.243 seconds
DEBUG Camel (camel-1) thread #1 - file:///Users/az/camel-test/inbox org.apache.camel.component.file.FileConsumer - Took 0.002 seconds to poll: /Users/az/camel-test/inbox
DEBUG Camel (camel-1) thread #1 - file:///Users/az/camel-test/inbox org.apache.camel.component.file.FileConsumer - Total 1 files to consume
DEBUG Camel (camel-1) thread #1 - file:///Users/az/camel-test/inbox org.apache.camel.component.file.FileConsumer - About to process file: GenericFile[/Users/az/camel-test/inbox/hello.txt] using exchange: Exchange[hello.txt]
DEBUG Camel (camel-1) thread #1 - file:///Users/az/camel-test/inbox org.apache.camel.processor.SendProcessor - >>>> Endpoint[file:///Users/az/camel-test/outbox] Exchange[hello.txt]
DEBUG Camel (camel-1) thread #1 - file:///Users/az/camel-test/inbox org.apache.camel.component.file.FileOperations - Using FileChannel to write file: /Users/az/camel-test/outbox/hello.txt
DEBUG Camel (camel-1) thread #1 - file:///Users/az/camel-test/inbox org.apache.camel.component.file.GenericFileProducer - Wrote [/Users/az/camel-test/outbox/hello.txt] to [Endpoint[file:///Users/az/camel-test/outbox]]
DEBUG Camel (camel-1) thread #1 - file:///Users/az/camel-test/inbox org.apache.camel.component.file.GenericFileOnCompletion - Done processing file: GenericFile[/Users/az/camel-test/inbox/hello.txt] using exchange: Exchange[hello.txt]
DEBUG Camel (camel-1) thread #1 - file:///Users/az/camel-test/inbox org.apache.camel.util.FileUtil - Retrying attempt 0 to delete file: /Users/az/camel-test/inbox/hello.txt.camelLock
DEBUG Camel (camel-1) thread #1 - file:///Users/az/camel-test/inbox org.apache.camel.util.FileUtil - Tried 1 to delete file: /Users/az/camel-test/inbox/hello.txt.camelLock with result: true
DEBUG Camel (camel-1) thread #1 - file:///Users/az/camel-test/inbox org.apache.camel.component.file.FileConsumer - Took 0.001 seconds to poll: /Users/az/camel-test/inbox
DEBUG Camel (camel-1) thread #1 - file:///Users/az/camel-test/inbox org.apache.camel.component.file.FileConsumer - Took 0.000 seconds to poll: /Users/az/camel-test/inbox
DEBUG Camel (camel-1) thread #1 - file:///Users/az/camel-test/inbox org.apache.camel.component.file.FileConsumer - Took 0.000 seconds to poll: /Users/az/camel-test/inbox
DEBUG Camel (camel-1) thread #1 - file:///Users/az/camel-test/inbox org.apache.camel.component.file.FileConsumer - Took 0.001 seconds to poll: /Users/az/camel-test/inbox
DEBUG Camel (camel-1) thread #1 - file:///Users/az/camel-test/inbox org.apache.camel.component.file.FileConsumer - Took 0.000 seconds to poll: /Users/az/camel-test/inbox
DEBUG Camel (camel-1) thread #1 - file:///Users/az/camel-test/inbox org.apache.camel.component.file.FileConsumer - Took 0.001 seconds to poll: /Users/az/camel-test/inbox
DEBUG Camel (camel-1) thread #1 - file:///Users/az/camel-test/inbox org.apache.camel.component.file.FileConsumer - Took 0.000 seconds to poll: /Users/az/camel-test/inbox
DEBUG Camel (camel-1) thread #1 - file:///Users/az/camel-test/inbox org.apache.camel.component.file.FileConsumer - Took 0.001 seconds to poll: /Users/az/camel-test/inbox
DEBUG Camel (camel-1) thread #1 - file:///Users/az/camel-test/inbox org.apache.camel.component.file.FileConsumer - Took 0.001 seconds to poll: /Users/az/camel-test/inbox
DEBUG Camel (camel-1) thread #1 - file:///Users/az/camel-test/inbox org.apache.camel.component.file.FileConsumer - Took 0.000 seconds to poll: /Users/az/camel-test/inbox
DEBUG Camel (camel-1) thread #1 - file:///Users/az/camel-test/inbox org.apache.camel.component.file.FileConsumer - Took 0.000 seconds to poll: /Users/az/camel-test/inbox
DEBUG Camel (camel-1) thread #1 - file:///Users/az/camel-test/inbox org.apache.camel.component.file.FileConsumer - Took 0.000 seconds to poll: /Users/az/camel-test/inbox
DEBUG Camel (camel-1) thread #1 - file:///Users/az/camel-test/inbox org.apache.camel.component.file.FileConsumer - Took 0.001 seconds to poll: /Users/az/camel-test/inbox
DEBUG Camel (camel-1) thread #1 - file:///Users/az/camel-test/inbox org.apache.camel.component.file.FileConsumer - Took 0.000 seconds to poll: /Users/az/camel-test/inbox
DEBUG Camel (camel-1) thread #1 - file:///Users/az/camel-test/inbox org.apache.camel.component.file.FileConsumer - Took 0.000 seconds to poll: /Users/az/camel-test/inbox
DEBUG Camel (camel-1) thread #1 - file:///Users/az/camel-test/inbox org.apache.camel.component.file.FileConsumer - Took 0.001 seconds to poll: /Users/az/camel-test/inbox
DEBUG Camel (camel-1) thread #1 - file:///Users/az/camel-test/inbox org.apache.camel.component.file.FileConsumer - Took 0.000 seconds to poll: /Users/az/camel-test/inbox
INFO main org.apache.camel.impl.DefaultCamelContext - Apache Camel 2.10.0 (CamelContext: camel-1) is shutting down
INFO main org.apache.camel.impl.DefaultShutdownStrategy - Starting to graceful shutdown 1 routes (timeout 300 seconds)
DEBUG main org.apache.camel.impl.DefaultExecutorServiceManager - Created new ThreadPool for source: org.apache.camel.impl.DefaultShutdownStrategy@6a8046f4 with name: ShutdownTask. -> org.apache.camel.util.concurrent.RejectableThreadPoolExecutor@5c95da38
DEBUG Camel (camel-1) thread #2 - ShutdownTask org.apache.camel.impl.DefaultShutdownStrategy - There are 1 routes to shutdown
DEBUG Camel (camel-1) thread #2 - ShutdownTask org.apache.camel.impl.DefaultShutdownStrategy - Route: route1 suspended and shutdown deferred, was consuming from: Endpoint[file:///Users/az/camel-test/inbox?noop=true]
DEBUG Camel (camel-1) thread #2 - ShutdownTask org.apache.camel.impl.DefaultShutdownStrategy - Route: route1 preparing to shutdown complete.
DEBUG Camel (camel-1) thread #2 - ShutdownTask org.apache.camel.impl.ScheduledPollConsumer - This consumer is stopping, so cancelling scheduled task: java.util.concurrent.ScheduledThreadPoolExecutor$ScheduledFutureTask@54ee3aa7
DEBUG Camel (camel-1) thread #2 - ShutdownTask org.apache.camel.component.file.FileConsumer - Stopping consumer: Consumer[file:///Users/az/camel-test/inbox?noop=true]
DEBUG Camel (camel-1) thread #2 - ShutdownTask org.apache.camel.impl.SharedProducerServicePool - Stopping service pool: org.apache.camel.impl.SharedProducerServicePool@3a289d2e
DEBUG Camel (camel-1) thread #2 - ShutdownTask org.apache.camel.component.file.GenericFileProducer - Stopping producer: Producer[file:///Users/az/camel-test/outbox]
INFO Camel (camel-1) thread #2 - ShutdownTask org.apache.camel.impl.DefaultShutdownStrategy - Route: route1 shutdown complete, was consuming from: Endpoint[file:///Users/az/camel-test/inbox?noop=true]
INFO main org.apache.camel.impl.DefaultShutdownStrategy - Graceful shutdown of 1 routes completed in 0 seconds
DEBUG main org.apache.camel.support.TimerListenerManager - Removed TimerListener: org.apache.camel.management.mbean.ManagedSuspendableRoute@3c1a1399
DEBUG main org.apache.camel.management.DefaultManagementAgent - Unregistered MBean with ObjectName: org.apache.camel:context=azs-MacBook-Pro.local/camel-1,type=routes,name="route1"
DEBUG main org.apache.camel.impl.RouteService - Stopping services on route: route1
DEBUG main org.apache.camel.impl.RouteService - Shutting down child service on route: route1 -> Consumer[file:///Users/az/camel-test/inbox?noop=true]
DEBUG main org.apache.camel.management.DefaultManagementAgent - Unregistered MBean with ObjectName: org.apache.camel:context=azs-MacBook-Pro.local/camel-1,type=consumers,name=FileConsumer(0x72608760)
DEBUG main org.apache.camel.impl.DefaultExecutorServiceManager - ShutdownNow ExecutorService: org.apache.camel.util.concurrent.RejectableScheduledThreadPoolExecutor@794e113b
DEBUG main org.apache.camel.impl.RouteService - Shutting down child service on route: route1 -> Instrumentation:route[DelegateAsync[UnitOfWork(RouteContextProcessor[Channel[sendTo(Endpoint[file:///Users/az/camel-test/outbox])]])]]
DEBUG main org.apache.camel.impl.RouteService - Shutting down child service on route: route1 -> DelegateAsync[UnitOfWork(RouteContextProcessor[Channel[sendTo(Endpoint[file:///Users/az/camel-test/outbox])]])]
DEBUG main org.apache.camel.impl.RouteService - Shutting down child service on route: route1 -> UnitOfWork(RouteContextProcessor[Channel[sendTo(Endpoint[file:///Users/az/camel-test/outbox])]])
DEBUG main org.apache.camel.impl.RouteService - Shutting down child service on route: route1 -> RouteContextProcessor[Channel[sendTo(Endpoint[file:///Users/az/camel-test/outbox])]]
DEBUG main org.apache.camel.impl.RouteService - Shutting down child service on route: route1 -> Channel[sendTo(Endpoint[file:///Users/az/camel-test/outbox])]
DEBUG main org.apache.camel.impl.RouteService - Shutting down child service on route: route1 -> sendTo(Endpoint[file:///Users/az/camel-test/outbox])
DEBUG main org.apache.camel.impl.RouteService - Shutting down services on route: route1
DEBUG main org.apache.camel.support.TimerListenerManager - Removed TimerListener: org.apache.camel.management.mbean.ManagedCamelContext@6e92b1a1
DEBUG main org.apache.camel.management.DefaultManagementAgent - Unregistered MBean with ObjectName: org.apache.camel:context=azs-MacBook-Pro.local/camel-1,type=context,name="camel-1"
DEBUG main org.apache.camel.impl.DefaultExecutorServiceManager - ShutdownNow ExecutorService: org.apache.camel.util.concurrent.RejectableThreadPoolExecutor@5c95da38
DEBUG main org.apache.camel.impl.DefaultInflightRepository - Shutting down with no inflight exchanges.
DEBUG main org.apache.camel.impl.SharedProducerServicePool - Stopping service pool: org.apache.camel.impl.SharedProducerServicePool@3a289d2e
DEBUG main org.apache.camel.impl.DefaultExecutorServiceManager - ShutdownNow ExecutorService: org.apache.camel.util.concurrent.RejectableScheduledThreadPoolExecutor@1f950198
DEBUG main org.apache.camel.impl.DefaultExecutorServiceManager - ShutdownNow ExecutorService: org.apache.camel.util.concurrent.RejectableScheduledThreadPoolExecutor@7e9ffe3f
INFO main org.apache.camel.impl.converter.DefaultTypeConverter - TypeConverterRegistry utilization[attempts=1, hits=1, misses=0, failures=0] mappings[total=171, misses=0]
DEBUG main org.apache.camel.management.DefaultManagementAgent - Unregistered MBean with ObjectName: org.apache.camel:context=azs-MacBook-Pro.local/camel-1,type=services,name=SharedProducerServicePool(0x3a289d2e)
DEBUG main org.apache.camel.management.DefaultManagementAgent - Unregistered MBean with ObjectName: org.apache.camel:context=azs-MacBook-Pro.local/camel-1,type=services,name=DefaultTypeConverter(0x6659fb21)
DEBUG main org.apache.camel.management.DefaultManagementAgent - Unregistered MBean with ObjectName: org.apache.camel:context=azs-MacBook-Pro.local/camel-1,type=components,name="file"
DEBUG main org.apache.camel.management.DefaultManagementAgent - Unregistered MBean with ObjectName: org.apache.camel:context=azs-MacBook-Pro.local/camel-1,type=services,name=DefaultInflightRepository(0x7dc5ddc9)
DEBUG main org.apache.camel.management.DefaultManagementAgent - Unregistered MBean with ObjectName: org.apache.camel:context=azs-MacBook-Pro.local/camel-1,type=services,name=DefaultExecutorServiceManager(0x26659db7)
DEBUG main org.apache.camel.management.DefaultManagementAgent - Unregistered MBean with ObjectName: org.apache.camel:context=azs-MacBook-Pro.local/camel-1,type=endpoints,name="file:///Users/az/camel-test/outbox"
DEBUG main org.apache.camel.management.DefaultManagementAgent - Unregistered MBean with ObjectName: org.apache.camel:context=azs-MacBook-Pro.local/camel-1,type=processors,name="to1"
DEBUG main org.apache.camel.management.DefaultManagementAgent - Unregistered MBean with ObjectName: org.apache.camel:context=azs-MacBook-Pro.local/camel-1,type=services,name=DefaultPackageScanClassResolver(0x68de462)
DEBUG main org.apache.camel.management.DefaultManagementAgent - Unregistered MBean with ObjectName: org.apache.camel:context=azs-MacBook-Pro.local/camel-1,type=threadpools,name="FileConsumer(0x72608760)"
DEBUG main org.apache.camel.management.DefaultManagementAgent - Unregistered MBean with ObjectName: org.apache.camel:context=azs-MacBook-Pro.local/camel-1,type=threadpools,name="DefaultCamelContext(0x7114460)"
DEBUG main org.apache.camel.management.DefaultManagementAgent - Unregistered MBean with ObjectName: org.apache.camel:context=azs-MacBook-Pro.local/camel-1,type=endpoints,name="file:///Users/az/camel-test/inbox\?noop=true"
DEBUG main org.apache.camel.management.DefaultManagementAgent - Unregistered MBean with ObjectName: org.apache.camel:context=azs-MacBook-Pro.local/camel-1,type=tracer,name=Tracer(0xed0220c)
DEBUG main org.apache.camel.management.DefaultManagementAgent - Unregistered MBean with ObjectName: org.apache.camel:context=azs-MacBook-Pro.local/camel-1,type=errorhandlers,name="DefaultErrorHandlerBuilder(ref:CamelDefaultErrorHandlerBuilder)"
DEBUG main org.apache.camel.management.DefaultManagementAgent - Unregistered MBean with ObjectName: org.apache.camel:context=azs-MacBook-Pro.local/camel-1,type=services,name=DefaultShutdownStrategy(0x6a8046f4)
DEBUG main org.apache.camel.management.DefaultManagementAgent - Unregistered MBean with ObjectName: org.apache.camel:context=azs-MacBook-Pro.local/camel-1,type=services,name=EndpointRegistry(0x7b7a4989)
INFO main org.apache.camel.impl.DefaultCamelContext - Apache Camel 2.10.0 (CamelContext: camel-1) is shutdown in 0.020 seconds. Uptime 11.273 seconds.
